----------------------------------------------------------------------------------------------------
------------------------------------ MegaLinter, by OX Security ------------------------------------
----------------------------------------------------------------------------------------------------
 - Image Creation Date: 2023-03-07T19:55:49Z
 - Image Revision: 7411316caa2897b3839af1834e5fd8ebd5b7b81e
 - Image Version: 7411316caa2897b3839af1834e5fd8ebd5b7b81e
----------------------------------------------------------------------------------------------------
The MegaLinter documentation can be found at:
 - https://megalinter.io/7411316caa2897b3839af1834e5fd8ebd5b7b81e
----------------------------------------------------------------------------------------------------
::group::MegaLinter initialization (expand for details)
GITHUB_REPOSITORY: flexion/bash_shell_script_starter
GITHUB_REF: refs/pull/4/merge
GITHUB_RUN_ID: 4483283397


[Activation] EDITORCONFIG_EDITORCONFIG_CHECKER has been set inactive, as none of these files has been found: ['.editorconfig']
[Activation] JAVASCRIPT_ES has been set inactive, as none of these files has been found: ['.eslintrc.json', '.eslintrc.yml', '.eslintrc.yaml', '.eslintrc.js', '.eslintrc.cjs', 'package.json:eslintConfig']
[Activation] JSON_NPM_PACKAGE_JSON_LINT has been set inactive, as none of these files has been found: ['package.json']
[Activation] JSX_ESLINT has been set inactive, as none of these files has been found: ['.eslintrc.json', '.eslintrc.yml', '.eslintrc.yaml', '.eslintrc.js', '.eslintrc.cjs', 'package.json:eslintConfig']
[Activation] REPOSITORY_GOODCHECK has been set inactive, as none of these files has been found: ['goodcheck.yml']
[SemgrepLinter] Deactivated because no ruleset has been defined
[Activation] SQL_SQLFLUFF has been set inactive, as none of these files has been found: ['.sqlfluff']
[Activation] SWIFT_SWIFTLINT has been set inactive, as none of these files has been found: ['.swiftlint.yml']
[Activation] TSX_ESLINT has been set inactive, as none of these files has been found: ['.eslintrc.json', '.eslintrc.yml', '.eslintrc.yaml', '.eslintrc.js', '.eslintrc.cjs', 'package.json:eslintConfig']
[Activation] TYPESCRIPT_ES has been set inactive, as none of these files has been found: ['.eslintrc.json', '.eslintrc.yml', '.eslintrc.yaml', '.eslintrc.js', '.eslintrc.cjs', 'package.json:eslintConfig']
MARKDOWN_REMARK_LINT has been temporary disabled in MegaLinter, please use a previous MegaLinter version or wait for the next one !
Skipped linters: ANSIBLE_ANSIBLE_LINT, BASH_EXEC, COPYPASTE_JSCPD, EDITORCONFIG_EDITORCONFIG_CHECKER, JAVASCRIPT_ES, JAVASCRIPT_STANDARD, JSON_NPM_PACKAGE_JSON_LINT, JSX_ESLINT, KUBERNETES_KUBECONFORM, KUBERNETES_KUBEVAL, MARKDOWN_REMARK_LINT, REPOSITORY_DEVSKIM, REPOSITORY_GOODCHECK, REPOSITORY_SEMGREP, SALESFORCE_SFDX_SCANNER_APEX, SALESFORCE_SFDX_SCANNER_AURA, SALESFORCE_SFDX_SCANNER_LWC, SPELL_CSPELL, SPELL_MISSPELL, SPELL_PROSELINT, SQL_SQLFLUFF, SWIFT_SWIFTLINT, TSX_ESLINT, TYPESCRIPT_ES, TYPESCRIPT_PRETTIER, TYPESCRIPT_STANDARD
To receive reports as email, please set variable EMAIL_REPORTER_EMAIL
::endgroup::
::group::MegaLinter now collects the files to analyse (expand for details)
Listing updated files in [/github/workspace] using git diff.
Modified files:
megalinter-reports/IDE-config.txt
megalinter-reports/IDE-config/.checkov.yml
megalinter-reports/IDE-config/.eslintrc-json.json
megalinter-reports/IDE-config/.gitleaks.toml
megalinter-reports/IDE-config/.secretlintrc.json
megalinter-reports/IDE-config/.vscode/extensions.json
megalinter-reports/IDE-config/.yamllint.yml
megalinter-reports/linters_logs/SUCCESS-BASH_SHELLCHECK.log
megalinter-reports/linters_logs/SUCCESS-BASH_SHFMT.log
megalinter-reports/linters_logs/SUCCESS-JSON_ESLINT_PLUGIN_JSONC.log
megalinter-reports/linters_logs/SUCCESS-JSON_JSONLINT.log
megalinter-reports/linters_logs/SUCCESS-JSON_PRETTIER.log
megalinter-reports/linters_logs/SUCCESS-JSON_V8R.log
megalinter-reports/linters_logs/SUCCESS-REPOSITORY_GITLEAKS.log
megalinter-reports/linters_logs/SUCCESS-REPOSITORY_GIT_DIFF.log
megalinter-reports/linters_logs/SUCCESS-REPOSITORY_SECRETLINT.log
megalinter-reports/linters_logs/SUCCESS-REPOSITORY_TRIVY.log
megalinter-reports/linters_logs/SUCCESS-YAML_PRETTIER.log
megalinter-reports/linters_logs/SUCCESS-YAML_V8R.log
megalinter-reports/linters_logs/SUCCESS-YAML_YAMLLINT.log
megalinter-reports/linters_logs/WARNING-REPOSITORY_CHECKOV.log
megalinter-reports/linters_logs/WARNING-REPOSITORY_GIT_DIFF.log
megalinter-reports/megalinter.log
megalinter-reports/updated_sources/megalinter-reports/IDE-config.txt
megalinter-reports/updated_sources/megalinter-reports/IDE-config/.vscode/extensions.json
megalinter-reports/updated_sources/megalinter-reports/megalinter.log
megalinter-reports/updated_sources/megalinter-reports/updated_sources/megalinter-reports/IDE-config/.vscode/extensions.json
megalinter-reports/updated_sources/megalinter-reports/updated_sources/megalinter-reports/updated_sources/megalinter-reports/IDE-config/.vscode/extensions.json
megalinter-reports/updated_sources/megalinter-reports/updated_sources/megalinter-reports/updated_sources/megalinter-reports/updated_sources/megalinter-reports/IDE-config/.vscode/extensions.json
megalinter-reports/updated_sources/megalinter-reports/updated_sources/shell_script_template.bash
megalinter-reports/updated_sources/shell_script_template.bash
shell_script_template.bash
- File extensions: , .R, .RMD, .Rmd, .bash, .bicep, .c, .c++, .cc, .cdxml, .clj, .cljc, .cljs, .coffee, .cpp, .cs, .css, .cu, .cuh, .cxx, .dart, .dash, .edn, .env, .feature, .go, .gradle, .graphql, .groovy, .gvy, .h, .h++, .hcl, .hh, .hpp, .htm, .html, .hxx, .java, .js, .json, .json5, .jsonc, .ksh, .kt, .kts, .lua, .md, .nf, .p6, .php, .pl, .pl6, .pm, .pm6, .pp, .proto, .ps1, .ps1xml, .psd1, .psm1, .psrc, .pssc, .py, .r, .raku, .rakumod, .rakutest, .rb, .rs, .rst, .saas, .scala, .scss, .sh, .smk, .sql, .t, .tex, .tf, .vb, .xml, .yaml, .yml
- File names (regex): Dockerfile, Jenkinsfile, Makefile, Snakefile
- Excluding regex: (.venv/|/test/|\.test\.|_test\.|/docs/|/index.html|.github/.*\.html)
- Excluding .gitignored files [0]: 
Kept [12] files on [32] found files

+----MATCHING LINTERS--------------+----------------------+----------------+------------+
| Descriptor | Linter              | Criteria             | Matching files | Format/Fix |
+------------+---------------------+----------------------+----------------+------------+
| BASH       | shellcheck          | .sh|.bash|.dash|.ksh | 3              | no         |
| BASH       | shfmt               | .sh|.bash|.dash|.ksh | 3              | yes        |
| JSON       | jsonlint            | .json                | 7              | no         |
| JSON       | eslint-plugin-jsonc | .json|.json5|.jsonc  | 7              | yes        |
| JSON       | v8r                 | .json                | 7              | no         |
| JSON       | prettier            | .json                | 7              | yes        |
| REPOSITORY | checkov             |                      | project        | no         |
| REPOSITORY | dustilock           |                      | project        | no         |
| REPOSITORY | git_diff            |                      | project        | no         |
| REPOSITORY | gitleaks            |                      | project        | no         |
| REPOSITORY | secretlint          |                      | project        | no         |
| REPOSITORY | syft                |                      | project        | no         |
| REPOSITORY | trivy               |                      | project        | no         |
| YAML       | prettier            | .yml|.yaml           | 2              | yes        |
| YAML       | yamllint            | .yml|.yaml           | 2              | no         |
| YAML       | v8r                 | .yml|.yaml           | 2              | no         |
+------------+---------------------+----------------------+----------------+------------+
::endgroup::
::group::[32m✅ Linted [BASH] files with [shfmt] successfully - (0.02s)[0m (expand for details)
- Using [shfmt v3.6.0] https://megalinter.io/7411316caa2897b3839af1834e5fd8ebd5b7b81e/descriptors/bash_shfmt
- MegaLinter key: [BASH_SHFMT]
- Rules config: identified by [shfmt]
- Number of files analyzed: [3]
::endgroup::
::group::[32m✅ Linted [YAML] files with [prettier] successfully - (0.6s)[0m (expand for details)
- Using [prettier v2.8.4] https://megalinter.io/7411316caa2897b3839af1834e5fd8ebd5b7b81e/descriptors/yaml_prettier
- MegaLinter key: [YAML_PRETTIER]
- Rules config: identified by [prettier]
- Number of files analyzed: [2]
::endgroup::
::group::[32m✅ Linted [JSON] files with [eslint-plugin-jsonc] successfully - (1.13s)[0m (expand for details)
- Using [eslint-plugin-jsonc v2.6.0] https://megalinter.io/7411316caa2897b3839af1834e5fd8ebd5b7b81e/descriptors/json_eslint_plugin_jsonc
- MegaLinter key: [JSON_ESLINT_PLUGIN_JSONC]
- Rules config: [.eslintrc-json.json]
- Number of files analyzed: [7]
::endgroup::
::group::[32m✅ Linted [JSON] files with [prettier] successfully - (0.74s)[0m (expand for details)
- Using [prettier v2.8.4] https://megalinter.io/7411316caa2897b3839af1834e5fd8ebd5b7b81e/descriptors/json_prettier
- MegaLinter key: [JSON_PRETTIER]
- Rules config: identified by [prettier]
- Number of files analyzed: [7]
::endgroup::
::group::[32m✅ Linted [JSON] files with [v8r] successfully - (2.85s)[0m (expand for details)
- Using [v8r v0.14.0] https://megalinter.io/7411316caa2897b3839af1834e5fd8ebd5b7b81e/descriptors/json_v8r
- MegaLinter key: [JSON_V8R]
- Rules config: identified by [v8r]
- Number of files analyzed: [7]
::endgroup::
::group::[32m✅ Linted [REPOSITORY] files with [gitleaks] successfully - (0.12s)[0m (expand for details)
- Using [gitleaks v8.16.0] https://megalinter.io/7411316caa2897b3839af1834e5fd8ebd5b7b81e/descriptors/repository_gitleaks
- MegaLinter key: [REPOSITORY_GITLEAKS]
- Rules config: [.gitleaks.toml]
::endgroup::
::group::[32m✅ Linted [YAML] files with [v8r] successfully - (1.97s)[0m (expand for details)
- Using [v8r v0.14.0] https://megalinter.io/7411316caa2897b3839af1834e5fd8ebd5b7b81e/descriptors/yaml_v8r
- MegaLinter key: [YAML_V8R]
- Rules config: identified by [v8r]
- Number of files analyzed: [2]
::endgroup::
::group::[32m✅ Linted [REPOSITORY] files with [trivy] successfully - (5.06s)[0m (expand for details)
- Using [trivy v0.38.1] https://megalinter.io/7411316caa2897b3839af1834e5fd8ebd5b7b81e/descriptors/repository_trivy
- MegaLinter key: [REPOSITORY_TRIVY]
- Rules config: identified by [trivy]
::endgroup::
::group::[32m✅ Linted [BASH] files with [shellcheck] successfully - (0.2s)[0m (expand for details)
- Using [shellcheck v0.9.0] https://megalinter.io/7411316caa2897b3839af1834e5fd8ebd5b7b81e/descriptors/bash_shellcheck
- MegaLinter key: [BASH_SHELLCHECK]
- Rules config: identified by [shellcheck]
- Number of files analyzed: [3]
::endgroup::
::group::[32m✅ Linted [JSON] files with [jsonlint] successfully - (0.2s)[0m (expand for details)
- Using [jsonlint v14.0.1] https://megalinter.io/7411316caa2897b3839af1834e5fd8ebd5b7b81e/descriptors/json_jsonlint
- MegaLinter key: [JSON_JSONLINT]
- Rules config: identified by [jsonlint]
- Number of files analyzed: [7]
::endgroup::
::group::[32m✅ Linted [REPOSITORY] files with [secretlint] successfully - (1.19s)[0m (expand for details)
- Using [secretlint v6.2.3] https://megalinter.io/7411316caa2897b3839af1834e5fd8ebd5b7b81e/descriptors/repository_secretlint
- MegaLinter key: [REPOSITORY_SECRETLINT]
- Rules config: [.secretlintrc.json]
- Ignore file: [.secretlintignore]
::endgroup::
::group::[32m✅ Linted [YAML] files with [yamllint] successfully - (0.27s)[0m (expand for details)
- Using [yamllint v1.29.0] https://megalinter.io/7411316caa2897b3839af1834e5fd8ebd5b7b81e/descriptors/yaml_yamllint
- MegaLinter key: [YAML_YAMLLINT]
- Rules config: [.yamllint.yml]
- Number of files analyzed: [2]
::endgroup::
::group::[32m✅ Linted [REPOSITORY] files with [git_diff] successfully - (0.1s)[0m (expand for details)
- Using [git_diff v2.38.4] https://megalinter.io/7411316caa2897b3839af1834e5fd8ebd5b7b81e/descriptors/repository_git_diff
- MegaLinter key: [REPOSITORY_GIT_DIFF]
- Rules config: identified by [git_diff]
::endgroup::
::group::[33m✅ Linted [REPOSITORY] files with [checkov]: Found 1 non blocking error(s) - (12.52s)[0m (expand for details)
- Using [checkov v2.3.70] https://megalinter.io/7411316caa2897b3839af1834e5fd8ebd5b7b81e/descriptors/repository_checkov
- MegaLinter key: [REPOSITORY_CHECKOV]
- Rules config: [.checkov.yml]
--Error detail:
github_actions scan results:

Passed checks: 43, Failed checks: 1, Skipped checks: 0

Check: CKV2_GHA_1: "Ensure top-level permissions are not set to write-all"
	FAILED for resource: on(MegaLinter)
	File: /.github/workflows/megalinter.yml:26-27

		26 |     permissions:
		27 |       pull-requests: write



::endgroup::

+----SUMMARY----+---------------------+---------------+-------+-------+--------+--------------+
| Descriptor    | Linter              | Mode          | Files | Fixed | Errors | Elapsed time |
+---------------+---------------------+---------------+-------+-------+--------+--------------+
| ✅ BASH       | shellcheck          | list_of_files |     3 |       |      0 |         0.2s |
| ✅ BASH       | shfmt               | list_of_files |     3 |     0 |      0 |        0.02s |
| ✅ JSON       | eslint-plugin-jsonc | list_of_files |     7 |     0 |      0 |        1.13s |
| ✅ JSON       | jsonlint            | list_of_files |     7 |       |      0 |         0.2s |
| ✅ JSON       | prettier            | list_of_files |     7 |     7 |      0 |        0.74s |
| ✅ JSON       | v8r                 | list_of_files |     7 |       |      0 |        2.85s |
| ◬ REPOSITORY  | checkov             | project       |   n/a |       |      1 |       12.52s |
| ✅ REPOSITORY | gitleaks            | project       |   n/a |       |      0 |        0.12s |
| ✅ REPOSITORY | git_diff            | project       |   n/a |       |      0 |         0.1s |
| ✅ REPOSITORY | secretlint          | project       |   n/a |       |      0 |        1.19s |
| ✅ REPOSITORY | trivy               | project       |   n/a |       |      0 |        5.06s |
| ✅ YAML       | prettier            | list_of_files |     2 |     1 |      0 |         0.6s |
| ✅ YAML       | v8r                 | list_of_files |     2 |       |      0 |        1.97s |
| ✅ YAML       | yamllint            | list_of_files |     2 |       |      0 |        0.27s |
+---------------+---------------------+---------------+-------+-------+--------+--------------+

[GitHub Comment Reporter] Posted summary as comment on flexion/bash_shell_script_starter #PR4
